{"level":"info","message":"Server running on port 4000","service":"injectionlab-backend","timestamp":"2025-11-02T11:49:25.267Z"}
{"level":"info","message":"MongoDB Connected: ac-pegu75g-shard-00-00.kamir9w.mongodb.net","service":"injectionlab-backend","timestamp":"2025-11-02T11:49:25.804Z"}
{"level":"info","message":"Server running on port 4000","service":"injectionlab-backend","timestamp":"2025-11-02T12:26:20.570Z"}
{"level":"info","message":"MongoDB Connected: ac-pegu75g-shard-00-02.kamir9w.mongodb.net","service":"injectionlab-backend","timestamp":"2025-11-02T12:26:21.140Z"}
{"level":"info","message":"Server running on port 4000","service":"injectionlab-backend","timestamp":"2025-11-02T14:11:08.469Z"}
{"level":"info","message":"MongoDB Connected: ac-pegu75g-shard-00-01.kamir9w.mongodb.net","service":"injectionlab-backend","timestamp":"2025-11-02T14:11:09.152Z"}
{"level":"info","message":"GET / - ::1","service":"injectionlab-backend","timestamp":"2025-11-02T14:11:19.523Z"}
{"level":"info","message":"GET / - ::1","service":"injectionlab-backend","timestamp":"2025-11-02T14:11:29.755Z"}
{"level":"info","message":"GET / - ::1","service":"injectionlab-backend","timestamp":"2025-11-02T14:12:34.180Z"}
{"level":"info","message":"GET /api/health - ::1","service":"injectionlab-backend","timestamp":"2025-11-02T14:12:41.178Z"}
{"level":"info","message":"Server running on port 4000","service":"injectionlab-backend","timestamp":"2025-11-02T14:17:20.263Z"}
{"level":"info","message":"MongoDB Connected: ac-pegu75g-shard-00-01.kamir9w.mongodb.net","service":"injectionlab-backend","timestamp":"2025-11-02T14:17:20.813Z"}
{"level":"info","message":"GET / - ::1","service":"injectionlab-backend","timestamp":"2025-11-02T14:17:36.251Z"}
{"level":"info","message":"GET /api/health - ::1","service":"injectionlab-backend","timestamp":"2025-11-02T14:17:56.472Z"}
{"level":"info","message":"GET /api - ::1","service":"injectionlab-backend","timestamp":"2025-11-02T14:18:27.309Z"}
{"level":"info","message":"GET /api/health - ::1","service":"injectionlab-backend","timestamp":"2025-11-02T14:18:30.165Z"}
{"level":"info","message":"POST /api/auth/register - ::1","service":"injectionlab-backend","timestamp":"2025-11-02T14:20:43.193Z"}
{"level":"info","message":"New user registered: ParthAbhang","service":"injectionlab-backend","timestamp":"2025-11-02T14:20:43.601Z"}
{"level":"info","message":"POST /api/auth/login - ::1","service":"injectionlab-backend","timestamp":"2025-11-02T14:26:16.333Z"}
{"level":"info","message":"User logged in: ParthAbhang","service":"injectionlab-backend","timestamp":"2025-11-02T14:26:16.729Z"}
{"level":"info","message":"POST /api/auth/profile - ::1","service":"injectionlab-backend","timestamp":"2025-11-02T14:27:49.101Z"}
{"level":"info","message":"GET /api/auth/profile - ::1","service":"injectionlab-backend","timestamp":"2025-11-02T14:27:54.740Z"}
{"level":"info","message":"PUT /api/users/profile - ::1","service":"injectionlab-backend","timestamp":"2025-11-02T18:04:23.901Z"}
{"level":"info","message":"Profile updated for user: ParthAbhang","service":"injectionlab-backend","timestamp":"2025-11-02T18:04:24.000Z"}
{"level":"info","message":"PUT /api/users/change-password - ::1","service":"injectionlab-backend","timestamp":"2025-11-02T18:06:41.643Z"}
{"level":"info","message":"PUT /api/users/password - ::1","service":"injectionlab-backend","timestamp":"2025-11-02T18:07:33.799Z"}
{"level":"info","message":"Password changed for user: ParthAbhang","service":"injectionlab-backend","timestamp":"2025-11-02T18:07:34.503Z"}
{"level":"info","message":"GET /api/users/progress - ::1","service":"injectionlab-backend","timestamp":"2025-11-02T18:08:32.644Z"}
{"level":"info","message":"GET /api/users/stats - ::1","service":"injectionlab-backend","timestamp":"2025-11-02T18:08:50.123Z"}
{"level":"info","message":"GET /api/users/leaderboard - ::1","service":"injectionlab-backend","timestamp":"2025-11-02T18:09:17.083Z"}
{"level":"info","message":"POST /api/auth/register - ::1","service":"injectionlab-backend","timestamp":"2025-11-02T18:09:54.848Z"}
{"level":"info","message":"New user registered: sharadAbhang","service":"injectionlab-backend","timestamp":"2025-11-02T18:09:55.252Z"}
{"level":"info","message":"GET /api/users/leaderboard - ::1","service":"injectionlab-backend","timestamp":"2025-11-02T18:09:59.136Z"}
{"level":"info","message":"POST /api/auth/login - ::1","service":"injectionlab-backend","timestamp":"2025-11-02T18:11:13.550Z"}
{"level":"info","message":"User logged in: sharadAbhang","service":"injectionlab-backend","timestamp":"2025-11-02T18:11:13.945Z"}
{"level":"info","message":"POST /api/auth/login - ::1","service":"injectionlab-backend","timestamp":"2025-11-02T18:11:21.111Z"}
{"level":"info","message":"POST /api/auth/login - ::1","service":"injectionlab-backend","timestamp":"2025-11-02T18:11:26.958Z"}
{"level":"info","message":"POST /api/auth/login - ::1","service":"injectionlab-backend","timestamp":"2025-11-02T18:11:38.081Z"}
{"level":"info","message":"User logged in: ParthAbhang","service":"injectionlab-backend","timestamp":"2025-11-02T18:11:38.477Z"}
{"level":"info","message":"DELETE /api/users/account - ::1","service":"injectionlab-backend","timestamp":"2025-11-02T18:11:48.527Z"}
{"level":"info","message":"Account deleted for user: sharadAbhang","service":"injectionlab-backend","timestamp":"2025-11-02T18:11:48.664Z"}
{"level":"info","message":"GET /api/challenges - ::1","service":"injectionlab-backend","timestamp":"2025-11-02T18:13:30.090Z"}
{"level":"info","message":"GET /api/challenges - ::1","service":"injectionlab-backend","timestamp":"2025-11-02T18:13:43.807Z"}
{"level":"info","message":"GET /api/challenges - ::1","service":"injectionlab-backend","timestamp":"2025-11-02T18:13:59.707Z"}
{"level":"info","message":"POST /api/auth/login - ::1","service":"injectionlab-backend","timestamp":"2025-11-02T19:38:59.824Z"}
{"level":"info","message":"User logged in: ParthAbhang","service":"injectionlab-backend","timestamp":"2025-11-02T19:39:00.299Z"}
{"level":"info","message":"POST /api/challenges - ::1","service":"injectionlab-backend","timestamp":"2025-11-02T19:39:31.777Z"}
{"level":"info","message":"New challenge created: Basic SQL Injection Challenge by ParthAbhang","service":"injectionlab-backend","timestamp":"2025-11-02T19:39:31.871Z"}
{"level":"info","message":"GET /api/challenges - ::1","service":"injectionlab-backend","timestamp":"2025-11-02T19:48:14.133Z"}
{"level":"info","message":"GET /api/challenges - ::1","service":"injectionlab-backend","timestamp":"2025-11-02T19:48:46.170Z"}
{"level":"info","message":"POST /api/sql-injection/session/start - ::1","service":"injectionlab-backend","timestamp":"2025-11-02T19:52:13.334Z"}
{"level":"info","message":"Created user database: b8667adf-8459-4dfe-b28b-0966d1b473ac for user: 690768bb5f474a50979c1143","service":"injectionlab-backend","timestamp":"2025-11-02T19:52:13.420Z"}
{"level":"info","message":"Created sandbox session: b8667adf-8459-4dfe-b28b-0966d1b473ac for user: 690768bb5f474a50979c1143","service":"injectionlab-backend","timestamp":"2025-11-02T19:52:13.457Z"}
{"level":"info","message":"POST /api/sql-injection/execute - ::1","service":"injectionlab-backend","timestamp":"2025-11-02T19:56:55.373Z"}
{"level":"info","message":"POST /api/sql-injection/execute - ::1","service":"injectionlab-backend","timestamp":"2025-11-02T20:00:56.032Z"}
{"level":"info","message":"Potential SQL injection attempt by user 690768bb5f474a50979c1143: SELECT * FROM users WHERE username='admin' OR '1'='1'--' AND password='anything'","service":"injectionlab-backend","timestamp":"2025-11-02T20:00:56.080Z"}
{"level":"info","message":"User 690768bb5f474a50979c1143 completed challenge 6907b3735f474a50979c116d with score 100","service":"injectionlab-backend","timestamp":"2025-11-02T20:00:56.352Z"}
{"level":"info","message":"POST /api/sql-injection/execute - ::1","service":"injectionlab-backend","timestamp":"2025-11-02T20:01:22.401Z"}
{"level":"info","message":"POST /api/sql-injection/hint - ::1","service":"injectionlab-backend","timestamp":"2025-11-02T20:02:30.210Z"}
{"level":"info","message":"POST /api/sql-injection/hint - ::1","service":"injectionlab-backend","timestamp":"2025-11-02T20:03:18.308Z"}
{"level":"info","message":"POST /api/sql-injection/hint - ::1","service":"injectionlab-backend","timestamp":"2025-11-02T20:04:38.558Z"}
{"level":"error","message":"SyntaxError: Expected double-quoted property name in JSON at position 58 (line 3 column 1)\n    at JSON.parse (<anonymous>)\n    at parse (/Users/parth/Documents/semester_7 IIITDWD/Cybersecurity Techniques/InjectionLab/backend/node_modules/body-parser/lib/types/json.js:77:19)\n    at /Users/parth/Documents/semester_7 IIITDWD/Cybersecurity Techniques/InjectionLab/backend/node_modules/body-parser/lib/read.js:123:18\n    at AsyncResource.runInAsyncScope (node:async_hooks:214:14)\n    at invokeCallback (/Users/parth/Documents/semester_7 IIITDWD/Cybersecurity Techniques/InjectionLab/backend/node_modules/raw-body/index.js:238:16)\n    at done (/Users/parth/Documents/semester_7 IIITDWD/Cybersecurity Techniques/InjectionLab/backend/node_modules/raw-body/index.js:227:7)\n    at IncomingMessage.onEnd (/Users/parth/Documents/semester_7 IIITDWD/Cybersecurity Techniques/InjectionLab/backend/node_modules/raw-body/index.js:287:7)\n    at IncomingMessage.emit (node:events:518:28)\n    at endReadableNT (node:internal/streams/readable:1698:12)\n    at process.processTicksAndRejections (node:internal/process/task_queues:90:21)","service":"injectionlab-backend","timestamp":"2025-11-02T20:06:08.962Z"}
{"level":"info","message":"POST /api/sql-injection/session/end - ::1","service":"injectionlab-backend","timestamp":"2025-11-02T20:06:15.475Z"}
{"level":"info","message":"Cleaned up database session: b8667adf-8459-4dfe-b28b-0966d1b473ac","service":"injectionlab-backend","timestamp":"2025-11-02T20:06:15.513Z"}
{"level":"info","message":"Cleaned up session: b8667adf-8459-4dfe-b28b-0966d1b473ac","service":"injectionlab-backend","timestamp":"2025-11-02T20:06:15.574Z"}
{"level":"info","message":"GET /api/sql-injection/session/:b8667adf-8459-4dfe-b28b-0966d1b473ac - ::1","service":"injectionlab-backend","timestamp":"2025-11-02T20:07:47.019Z"}
{"level":"info","message":"GET /api/sql-injection/session/b8667adf-8459-4dfe-b28b-0966d1b473ac - ::1","service":"injectionlab-backend","timestamp":"2025-11-02T20:08:03.147Z"}
{"level":"info","message":"GET /api/sql-injection/session/:b8667adf-8459-4dfe-b28b-0966d1b473ac - ::1","service":"injectionlab-backend","timestamp":"2025-11-02T20:08:47.414Z"}
{"level":"info","message":"GET /api/sql-injection/session/:b8667adf-8459-4dfe-b28b-0966d1b473ac - ::1","service":"injectionlab-backend","timestamp":"2025-11-02T20:08:48.080Z"}
{"level":"info","message":"GET /api/sql-injection/session/:b8667adf-8459-4dfe-b28b-0966d1b473ac - ::1","service":"injectionlab-backend","timestamp":"2025-11-02T20:08:48.501Z"}
{"level":"info","message":"GET /api/sql-injection/session/:b8667adf-8459-4dfe-b28b-0966d1b473ac - ::1","service":"injectionlab-backend","timestamp":"2025-11-02T20:11:56.579Z"}
{"level":"info","message":"GET /api/sql-injection/session/:b8667adf-8459-4dfe-b28b-0966d1b473ac - ::1","service":"injectionlab-backend","timestamp":"2025-11-02T20:11:57.614Z"}
{"level":"info","message":"GET /api/sql-injection/session/b8667adf-8459-4dfe-b28b-0966d1b473ac - ::1","service":"injectionlab-backend","timestamp":"2025-11-02T20:12:21.170Z"}
{"level":"info","message":"GET /api/sql-injection/session/b8667adf-8459-4dfe-b28b-0966d1b473ac - ::1","service":"injectionlab-backend","timestamp":"2025-11-02T20:12:22.457Z"}
{"level":"info","message":"GET /api/sql-injection/session/b8667adf-8459-4dfe-b28b-0966d1b473ac - ::1","service":"injectionlab-backend","timestamp":"2025-11-02T20:15:37.824Z"}
{"level":"info","message":"GET /api/sql-injection/session/:b8667adf-8459-4dfe-b28b-0966d1b473ac - ::1","service":"injectionlab-backend","timestamp":"2025-11-02T20:15:43.442Z"}
{"level":"info","message":"POST /api/sql-injection/session/start - ::1","service":"injectionlab-backend","timestamp":"2025-11-02T20:18:04.265Z"}
{"level":"info","message":"Created user database: 2a59fd83-a990-432b-bc11-7daed0193877 for user: 690768bb5f474a50979c1143","service":"injectionlab-backend","timestamp":"2025-11-02T20:18:04.345Z"}
{"level":"info","message":"Created sandbox session: 2a59fd83-a990-432b-bc11-7daed0193877 for user: 690768bb5f474a50979c1143","service":"injectionlab-backend","timestamp":"2025-11-02T20:18:04.385Z"}
{"level":"info","message":"POST /api/sql-injection/execute - ::1","service":"injectionlab-backend","timestamp":"2025-11-02T20:18:22.030Z"}
{"level":"info","message":"POST /api/sql-injection/hint - ::1","service":"injectionlab-backend","timestamp":"2025-11-02T20:18:28.253Z"}
{"level":"info","message":"POST /api/sql-injection/session/end - ::1","service":"injectionlab-backend","timestamp":"2025-11-02T20:18:40.431Z"}
{"level":"info","message":"Cleaned up database session: 2a59fd83-a990-432b-bc11-7daed0193877","service":"injectionlab-backend","timestamp":"2025-11-02T20:18:40.462Z"}
{"level":"info","message":"Cleaned up session: 2a59fd83-a990-432b-bc11-7daed0193877","service":"injectionlab-backend","timestamp":"2025-11-02T20:18:40.526Z"}
{"level":"info","message":"GET /api/sql-injection/session/:2a59fd83-a990-432b-bc11-7daed0193877 - ::1","service":"injectionlab-backend","timestamp":"2025-11-02T20:18:48.311Z"}
{"level":"info","message":"GET /api/sql-injection/session/2a59fd83-a990-432b-bc11-7daed0193877 - ::1","service":"injectionlab-backend","timestamp":"2025-11-02T20:18:53.676Z"}
{"level":"info","message":"Server running on port 4000","service":"injectionlab-backend","timestamp":"2025-11-02T20:19:27.220Z"}
{"level":"info","message":"MongoDB Connected: ac-pegu75g-shard-00-02.kamir9w.mongodb.net","service":"injectionlab-backend","timestamp":"2025-11-02T20:19:27.963Z"}
{"level":"info","message":"GET /api/sql-injection/session/2a59fd83-a990-432b-bc11-7daed0193877 - ::1","service":"injectionlab-backend","timestamp":"2025-11-02T20:19:30.828Z"}
{"level":"info","message":"POST /api/sql-injection/session/start - ::1","service":"injectionlab-backend","timestamp":"2025-11-02T20:19:39.341Z"}
{"level":"info","message":"Created user database: 4d333bae-9e9f-4471-af31-784ec2535741 for user: 690768bb5f474a50979c1143","service":"injectionlab-backend","timestamp":"2025-11-02T20:19:39.545Z"}
{"level":"info","message":"Created sandbox session: 4d333bae-9e9f-4471-af31-784ec2535741 for user: 690768bb5f474a50979c1143","service":"injectionlab-backend","timestamp":"2025-11-02T20:19:39.588Z"}
{"level":"info","message":"Practice session started: 4d333bae-9e9f-4471-af31-784ec2535741 for user: 690768bb5f474a50979c1143, challenge: 6907b3735f474a50979c116d","service":"injectionlab-backend","timestamp":"2025-11-02T20:19:39.616Z"}
{"level":"info","message":"POST /api/sql-injection/execute - ::1","service":"injectionlab-backend","timestamp":"2025-11-02T20:20:06.379Z"}
{"level":"info","message":"Query executed for session 4d333bae-9e9f-4471-af31-784ec2535741: failed injection","service":"injectionlab-backend","timestamp":"2025-11-02T20:20:06.617Z"}
{"level":"info","message":"POST /api/sql-injection/hint - ::1","service":"injectionlab-backend","timestamp":"2025-11-02T20:20:27.200Z"}
{"level":"info","message":"POST /api/sql-injection/hint - ::1","service":"injectionlab-backend","timestamp":"2025-11-02T20:20:32.800Z"}
{"level":"info","message":"POST /api/sql-injection/hint - ::1","service":"injectionlab-backend","timestamp":"2025-11-02T20:20:33.878Z"}
{"level":"info","message":"POST /api/sql-injection/hint - ::1","service":"injectionlab-backend","timestamp":"2025-11-02T20:21:11.858Z"}
{"level":"info","message":"POST /api/sql-injection/hint - ::1","service":"injectionlab-backend","timestamp":"2025-11-02T20:22:42.512Z"}
{"level":"info","message":"POST /api/sql-injection/hint - ::1","service":"injectionlab-backend","timestamp":"2025-11-02T20:23:08.358Z"}
{"level":"info","message":"POST /api/sql-injection/hint - ::1","service":"injectionlab-backend","timestamp":"2025-11-02T20:23:13.928Z"}
{"level":"info","message":"POST /api/sql-injection/hint - ::1","service":"injectionlab-backend","timestamp":"2025-11-02T20:23:19.494Z"}
{"level":"error","message":"Error using hint: Cannot read properties of undefined (reading 'text')","service":"injectionlab-backend","stack":"TypeError: Cannot read properties of undefined (reading 'text')\n    at ProgressService.useHint (/Users/parth/Documents/semester_7 IIITDWD/Cybersecurity Techniques/InjectionLab/backend/services/progressService.js:97:20)\n    at process.processTicksAndRejections (node:internal/process/task_queues:105:5)\n    at async getHint (/Users/parth/Documents/semester_7 IIITDWD/Cybersecurity Techniques/InjectionLab/backend/controllers/sqlInjectionController.js:224:20)","timestamp":"2025-11-02T20:23:19.625Z"}
{"level":"error","message":"Get hint error: Cannot read properties of undefined (reading 'text')","service":"injectionlab-backend","stack":"TypeError: Cannot read properties of undefined (reading 'text')\n    at ProgressService.useHint (/Users/parth/Documents/semester_7 IIITDWD/Cybersecurity Techniques/InjectionLab/backend/services/progressService.js:97:20)\n    at process.processTicksAndRejections (node:internal/process/task_queues:105:5)\n    at async getHint (/Users/parth/Documents/semester_7 IIITDWD/Cybersecurity Techniques/InjectionLab/backend/controllers/sqlInjectionController.js:224:20)","timestamp":"2025-11-02T20:23:19.626Z"}
{"level":"info","message":"GET /api/sql-injection/session/2a59fd83-a990-432b-bc11-7daed0193877 - ::1","service":"injectionlab-backend","timestamp":"2025-11-02T20:24:31.281Z"}
{"level":"info","message":"GET /api/sql-injection/session/:4d333bae-9e9f-4471-af31-784ec2535741 - ::1","service":"injectionlab-backend","timestamp":"2025-11-02T20:24:47.969Z"}
{"level":"info","message":"GET /api/sql-injection/session/4d333bae-9e9f-4471-af31-784ec2535741 - ::1","service":"injectionlab-backend","timestamp":"2025-11-02T20:24:53.342Z"}
{"level":"info","message":"POST /api/challenges - ::1","service":"injectionlab-backend","timestamp":"2025-11-02T20:25:07.192Z"}
{"level":"info","message":"New challenge created: Basic SQL Injection Challenge by ParthAbhang","service":"injectionlab-backend","timestamp":"2025-11-02T20:25:07.264Z"}
{"level":"info","message":"GET /api/challenges - ::1","service":"injectionlab-backend","timestamp":"2025-11-02T20:25:20.057Z"}
{"level":"info","message":"POST /api/sql-injection/session/start - ::1","service":"injectionlab-backend","timestamp":"2025-11-02T20:26:00.719Z"}
{"level":"info","message":"Created user database: 9b632cc8-82b7-42a3-a80e-473d02a99376 for user: 690768bb5f474a50979c1143","service":"injectionlab-backend","timestamp":"2025-11-02T20:26:00.825Z"}
{"level":"info","message":"Created sandbox session: 9b632cc8-82b7-42a3-a80e-473d02a99376 for user: 690768bb5f474a50979c1143","service":"injectionlab-backend","timestamp":"2025-11-02T20:26:00.865Z"}
{"level":"info","message":"Practice session started: 9b632cc8-82b7-42a3-a80e-473d02a99376 for user: 690768bb5f474a50979c1143, challenge: 6907be233c90edc32260474c","service":"injectionlab-backend","timestamp":"2025-11-02T20:26:00.921Z"}
{"level":"info","message":"POST /api/sql-injection/execute - ::1","service":"injectionlab-backend","timestamp":"2025-11-02T20:26:11.943Z"}
{"level":"info","message":"Query executed for session 9b632cc8-82b7-42a3-a80e-473d02a99376: failed injection","service":"injectionlab-backend","timestamp":"2025-11-02T20:26:12.166Z"}
{"level":"info","message":"POST /api/sql-injection/hint - ::1","service":"injectionlab-backend","timestamp":"2025-11-02T20:26:27.951Z"}
{"level":"info","message":"Hint 0 used by user 690768bb5f474a50979c1143 for challenge 6907be233c90edc32260474c","service":"injectionlab-backend","timestamp":"2025-11-02T20:26:28.065Z"}
{"level":"info","message":"POST /api/sql-injection/session/end - ::1","service":"injectionlab-backend","timestamp":"2025-11-02T20:26:47.972Z"}
{"level":"info","message":"Cleaned up database session: 9b632cc8-82b7-42a3-a80e-473d02a99376","service":"injectionlab-backend","timestamp":"2025-11-02T20:26:48.029Z"}
{"level":"info","message":"Cleaned up session: 9b632cc8-82b7-42a3-a80e-473d02a99376","service":"injectionlab-backend","timestamp":"2025-11-02T20:26:48.059Z"}
{"level":"info","message":"Session 9b632cc8-82b7-42a3-a80e-473d02a99376 ended by user 690768bb5f474a50979c1143","service":"injectionlab-backend","timestamp":"2025-11-02T20:26:48.059Z"}
{"level":"info","message":"GET /api/sql-injection/session/9b632cc8-82b7-42a3-a80e-473d02a99376 - ::1","service":"injectionlab-backend","timestamp":"2025-11-02T20:26:55.141Z"}
{"level":"info","message":"GET /api/sql-injection/session/:9b632cc8-82b7-42a3-a80e-473d02a99376 - ::1","service":"injectionlab-backend","timestamp":"2025-11-02T20:27:00.202Z"}
{"level":"info","message":"GET /api/sql-injection/session/9b632cc8-82b7-42a3-a80e-473d02a99376 - ::1","service":"injectionlab-backend","timestamp":"2025-11-02T20:27:04.551Z"}
{"level":"info","message":"GET /api/sql-injection/session/9b632cc8-82b7-42a3-a80e-473d02a99376 - ::1","service":"injectionlab-backend","timestamp":"2025-11-02T20:27:05.639Z"}
{"level":"info","message":"POST /api/sql-injection/session/start - ::1","service":"injectionlab-backend","timestamp":"2025-11-02T20:27:12.165Z"}
{"level":"info","message":"Created user database: 935d20a8-56ee-4fee-93c0-f9fe00c1c55c for user: 690768bb5f474a50979c1143","service":"injectionlab-backend","timestamp":"2025-11-02T20:27:12.253Z"}
{"level":"info","message":"Created sandbox session: 935d20a8-56ee-4fee-93c0-f9fe00c1c55c for user: 690768bb5f474a50979c1143","service":"injectionlab-backend","timestamp":"2025-11-02T20:27:12.287Z"}
{"level":"info","message":"Practice session started: 935d20a8-56ee-4fee-93c0-f9fe00c1c55c for user: 690768bb5f474a50979c1143, challenge: 6907be233c90edc32260474c","service":"injectionlab-backend","timestamp":"2025-11-02T20:27:12.315Z"}
{"level":"info","message":"POST /api/sql-injection/execute - ::1","service":"injectionlab-backend","timestamp":"2025-11-02T20:27:24.157Z"}
{"level":"info","message":"Query executed for session 935d20a8-56ee-4fee-93c0-f9fe00c1c55c: failed injection","service":"injectionlab-backend","timestamp":"2025-11-02T20:27:24.361Z"}
{"level":"info","message":"POST /api/sql-injection/hint - ::1","service":"injectionlab-backend","timestamp":"2025-11-02T20:27:28.201Z"}
{"level":"info","message":"GET /api/sql-injection/session/935d20a8-56ee-4fee-93c0-f9fe00c1c55c - ::1","service":"injectionlab-backend","timestamp":"2025-11-02T20:27:38.806Z"}
{"level":"info","message":"GET /api/sql-injection/educational-content/:6907be233c90edc32260474c - ::1","service":"injectionlab-backend","timestamp":"2025-11-02T20:30:03.162Z"}
{"level":"info","message":"GET /api/sql-injection/educational-content/:6907be233c90edc32260474c - ::1","service":"injectionlab-backend","timestamp":"2025-11-02T20:30:09.553Z"}
{"kind":"ObjectId","level":"error","message":"Error getting educational content: Cast to ObjectId failed for value \":6907be233c90edc32260474c\" (type string) at path \"_id\" for model \"Challenge\"","path":"_id","reason":{},"service":"injectionlab-backend","stack":"CastError: Cast to ObjectId failed for value \":6907be233c90edc32260474c\" (type string) at path \"_id\" for model \"Challenge\"\n    at SchemaObjectId.cast (/Users/parth/Documents/semester_7 IIITDWD/Cybersecurity Techniques/InjectionLab/backend/node_modules/mongoose/lib/schema/objectId.js:251:11)\n    at SchemaType.applySetters (/Users/parth/Documents/semester_7 IIITDWD/Cybersecurity Techniques/InjectionLab/backend/node_modules/mongoose/lib/schemaType.js:1258:12)\n    at SchemaType.castForQuery (/Users/parth/Documents/semester_7 IIITDWD/Cybersecurity Techniques/InjectionLab/backend/node_modules/mongoose/lib/schemaType.js:1694:17)\n    at cast (/Users/parth/Documents/semester_7 IIITDWD/Cybersecurity Techniques/InjectionLab/backend/node_modules/mongoose/lib/cast.js:390:32)\n    at Query.cast (/Users/parth/Documents/semester_7 IIITDWD/Cybersecurity Techniques/InjectionLab/backend/node_modules/mongoose/lib/query.js:5060:12)\n    at Query._castConditions (/Users/parth/Documents/semester_7 IIITDWD/Cybersecurity Techniques/InjectionLab/backend/node_modules/mongoose/lib/query.js:2374:10)\n    at model.Query._findOne (/Users/parth/Documents/semester_7 IIITDWD/Cybersecurity Techniques/InjectionLab/backend/node_modules/mongoose/lib/query.js:2697:8)\n    at model.Query.exec (/Users/parth/Documents/semester_7 IIITDWD/Cybersecurity Techniques/InjectionLab/backend/node_modules/mongoose/lib/query.js:4627:80)\n    at process.processTicksAndRejections (node:internal/process/task_queues:105:5)\n    at async EducationalContentService.getEducationalContent (/Users/parth/Documents/semester_7 IIITDWD/Cybersecurity Techniques/InjectionLab/backend/services/educationalContentService.js:7:25)","stringValue":"\":6907be233c90edc32260474c\"","timestamp":"2025-11-02T20:30:09.601Z","value":":6907be233c90edc32260474c","valueType":"string"}
{"kind":"ObjectId","level":"error","message":"Get educational content error: Cast to ObjectId failed for value \":6907be233c90edc32260474c\" (type string) at path \"_id\" for model \"Challenge\"","path":"_id","reason":{},"service":"injectionlab-backend","stack":"CastError: Cast to ObjectId failed for value \":6907be233c90edc32260474c\" (type string) at path \"_id\" for model \"Challenge\"\n    at SchemaObjectId.cast (/Users/parth/Documents/semester_7 IIITDWD/Cybersecurity Techniques/InjectionLab/backend/node_modules/mongoose/lib/schema/objectId.js:251:11)\n    at SchemaType.applySetters (/Users/parth/Documents/semester_7 IIITDWD/Cybersecurity Techniques/InjectionLab/backend/node_modules/mongoose/lib/schemaType.js:1258:12)\n    at SchemaType.castForQuery (/Users/parth/Documents/semester_7 IIITDWD/Cybersecurity Techniques/InjectionLab/backend/node_modules/mongoose/lib/schemaType.js:1694:17)\n    at cast (/Users/parth/Documents/semester_7 IIITDWD/Cybersecurity Techniques/InjectionLab/backend/node_modules/mongoose/lib/cast.js:390:32)\n    at Query.cast (/Users/parth/Documents/semester_7 IIITDWD/Cybersecurity Techniques/InjectionLab/backend/node_modules/mongoose/lib/query.js:5060:12)\n    at Query._castConditions (/Users/parth/Documents/semester_7 IIITDWD/Cybersecurity Techniques/InjectionLab/backend/node_modules/mongoose/lib/query.js:2374:10)\n    at model.Query._findOne (/Users/parth/Documents/semester_7 IIITDWD/Cybersecurity Techniques/InjectionLab/backend/node_modules/mongoose/lib/query.js:2697:8)\n    at model.Query.exec (/Users/parth/Documents/semester_7 IIITDWD/Cybersecurity Techniques/InjectionLab/backend/node_modules/mongoose/lib/query.js:4627:80)\n    at process.processTicksAndRejections (node:internal/process/task_queues:105:5)\n    at async EducationalContentService.getEducationalContent (/Users/parth/Documents/semester_7 IIITDWD/Cybersecurity Techniques/InjectionLab/backend/services/educationalContentService.js:7:25)","stringValue":"\":6907be233c90edc32260474c\"","timestamp":"2025-11-02T20:30:09.601Z","value":":6907be233c90edc32260474c","valueType":"string"}
{"level":"info","message":"GET /api/sql-injection/educational-content/6907be233c90edc32260474c - ::1","service":"injectionlab-backend","timestamp":"2025-11-02T20:30:17.408Z"}
{"level":"info","message":"GET /api/sql-injection/prevention-techniques/:category - ::1","service":"injectionlab-backend","timestamp":"2025-11-02T20:31:02.551Z"}
{"level":"info","message":"GET /api/auth/profile - ::1","service":"injectionlab-backend","timestamp":"2025-11-02T20:31:58.435Z"}
